<?xml version="1.0" encoding="UTF-8"?>
<!-- Generated by org.testng.reporters.JUnitReportReporter -->
<testsuite skipped="0" hostname="INMAAWN53000190" name="com.companyname.tests.LaptopPageTests" tests="1" failures="0" timestamp="10 Dec 2019 14:58:48 GMT" time="37.438" errors="0">
  <testcase name="test1" time="37.438" classname="com.companyname.tests.LaptopPageTests"/>
</testsuite> <!-- com.companyname.tests.LaptopPageTests -->
