<?xml version="1.0" encoding="UTF-8"?>
<!-- Generated by org.testng.reporters.JUnitReportReporter -->
<testsuite skipped="0" hostname="INMAAWN53000190" name="com.companyname.tests.LaptopPageTests" tests="3" failures="0" timestamp="11 Dec 2019 14:55:09 GMT" time="206.266" errors="0">
  <testcase name="test3" time="68.442" classname="com.companyname.tests.LaptopPageTests"/>
  <testcase name="test2" time="75.894" classname="com.companyname.tests.LaptopPageTests"/>
  <testcase name="test1" time="61.930" classname="com.companyname.tests.LaptopPageTests"/>
</testsuite> <!-- com.companyname.tests.LaptopPageTests -->
