<?xml version="1.0" encoding="UTF-8"?>
<!-- Generated by org.testng.reporters.JUnitReportReporter -->
<testsuite skipped="0" hostname="INMAAWN53000190" name="com.companyname.tests.BaseTest" tests="1" failures="0" timestamp="08 Dec 2019 15:59:05 GMT" time="23.993" errors="0">
  <testcase name="test1" time="23.993" classname="com.companyname.tests.BaseTest"/>
</testsuite> <!-- com.companyname.tests.BaseTest -->
